\BOOKMARK [0][-]{chapter*.2}{Preface}{}% 1
\BOOKMARK [0][-]{chapter.1}{Wavefront Control at LIGO Hanford}{}% 2
\BOOKMARK [1][-]{section.1.1}{Modal Contrast Defect}{chapter.1}% 3
\BOOKMARK [2][-]{subsection.1.1.1}{Simple Michelson Contrast Defect}{section.1.1}% 4
\BOOKMARK [1][-]{section.1.2}{Hot vs. Cold Interferometers}{chapter.1}% 5
\BOOKMARK [2][-]{subsection.1.2.1}{Thermal Lensing}{section.1.2}% 6
\BOOKMARK [1][-]{section.1.3}{Wavefront Distortions from Thermal Effects}{chapter.1}% 7
\BOOKMARK [1][-]{section.1.4}{Tuning Thermal Compensation for LIGO}{chapter.1}% 8
\BOOKMARK [2][-]{subsection.1.4.1}{Hartmann Wavefront Sensors}{section.1.4}% 9
\BOOKMARK [2][-]{subsection.1.4.2}{Ring Heater Commissioning}{section.1.4}% 10
\BOOKMARK [2][-]{subsection.1.4.3}{CO2 Commissioning}{section.1.4}% 11
\BOOKMARK [2][-]{subsection.1.4.4}{Auxiliary Degrees of Freedom}{section.1.4}% 12
\BOOKMARK [2][-]{subsection.1.4.5}{SR3 Thermal Actuator}{section.1.4}% 13
\BOOKMARK [1][-]{section.1.5}{Putting it all together}{chapter.1}% 14
\BOOKMARK [2][-]{subsection.1.5.1}{Higher Power Operation}{section.1.5}% 15
\BOOKMARK [1][-]{section.1.6}{Mode Matching IFO to OMC: Single Bounce vs DRMI}{chapter.1}% 16
\BOOKMARK [2][-]{subsection.1.6.1}{SR3 Heater}{section.1.6}% 17
\BOOKMARK [2][-]{subsection.1.6.2}{SRM Heater}{section.1.6}% 18
\BOOKMARK [1][-]{section.1.7}{Mode Matching Squeezer to OMC}{chapter.1}% 19
\BOOKMARK [0][-]{section*.7}{Appendices}{}% 20
\BOOKMARK [0][-]{Appendix.a.A}{Resonator Formulas}{}% 21
\BOOKMARK [0][-]{Appendix.a.B}{Parameters Summary}{}% 22
\BOOKMARK [0][-]{Appendix.a.C}{Hermite Gauss Normalization}{}% 23
\BOOKMARK [0][-]{Appendix.a.D}{Bullseye and Quadrant Photodiode Characterization}{}% 24
\BOOKMARK [1][-]{section.a.D.1}{Quadrant Photodiodes \(QPD\)}{Appendix.a.D}% 25
\BOOKMARK [1][-]{section.a.D.2}{Bullseye Photodiodes}{Appendix.a.D}% 26
\BOOKMARK [2][-]{subsection.a.D.2.1}{Width}{section.a.D.2}% 27
\BOOKMARK [2][-]{subsection.a.D.2.2}{Pitch}{section.a.D.2}% 28
\BOOKMARK [2][-]{subsection.a.D.2.3}{Yaw}{section.a.D.2}% 29
\BOOKMARK [2][-]{subsection.a.D.2.4}{RF}{section.a.D.2}% 30
\BOOKMARK [0][-]{Appendix.a.E}{Overlap of Gaussian Beams}{}% 31
