

Date,Time,ROI 1 4Sigma Width A1 [µm],ROI 1 4Sigma Width A2 [µm],ROI 1 Centroid Position A1 [µm],ROI 1 Centroid Position A2 [µm],ROI 1 Goodness of Gaussian fit A1,ROI 1 Roughness of Gaussian fit A1,ROI 1 Goodness of Gaussian fit A2,ROI 1 Roughness of Gaussian fit A2,
5/31/2018,6:06:33 PM,3116.98,3465.32,4940.41,5090.01,0.02,0.02,0.01,0.02,
5/31/2018,6:06:35 PM,3145.35,3467.93,4936.37,5086.78,0.01,0.02,0.02,0.02,
5/31/2018,6:06:36 PM,3251.94,3477.08,4943.63,5082.06,0.01,0.02,0.02,0.02,
5/31/2018,6:06:37 PM,3273.92,3531.24,4927.71,5101.64,0.01,0.02,0.01,0.02,
5/31/2018,6:06:38 PM,3313.32,3449.45,4933.92,5115.42,0.01,0.03,0.02,0.02,
5/31/2018,6:06:39 PM,3189.16,3538.84,4945.11,5105.08,0.01,0.02,0.01,0.02,
5/31/2018,6:06:40 PM,3321.76,3529.38,4954.03,5097.96,0.01,0.03,0.01,0.02,
5/31/2018,6:06:41 PM,3185.43,3598.28,4953.04,5079.72,0.01,0.02,0.01,0.02,
5/31/2018,6:06:42 PM,3259.24,3531.89,4956.09,5104.11,0.01,0.02,0.01,0.02,
5/31/2018,6:06:43 PM,3276.84,3381.15,4934.52,5118.69,0.01,0.02,0.04,0.02,
5/31/2018,6:06:44 PM,3237.02,3511.95,4943.66,5101.93,0.01,0.02,0.02,0.02,
5/31/2018,6:06:46 PM,3251.69,3440.66,4938.44,5124.05,0.01,0.02,0.02,0.02,
5/31/2018,6:06:47 PM,3178.51,3466.47,4941.26,5107.32,0.01,0.02,0.01,0.02,
5/31/2018,6:06:48 PM,3202.02,3531.67,4942.63,5093.60,0.01,0.02,0.01,0.02,
5/31/2018,6:06:49 PM,3187.66,3467.93,4942.51,5078.97,0.01,0.02,0.02,0.02,
5/31/2018,6:06:50 PM,3201.72,3503.06,4949.58,5091.35,0.01,0.02,0.01,0.02,
5/31/2018,6:06:51 PM,3233.49,3523.94,4953.43,5085.46,0.01,0.03,0.01,0.02,
5/31/2018,6:06:52 PM,3254.86,3427.13,4941.44,5120.13,0.01,0.02,0.02,0.01,
5/31/2018,6:06:53 PM,3215.71,3555.42,4939.34,5106.94,0.01,0.02,0.01,0.02,
5/31/2018,6:06:55 PM,3116.42,3525.67,4945.44,5100.88,0.01,0.02,0.01,0.02,
5/31/2018,6:06:56 PM,3197.88,3466.57,4951.73,5095.59,0.01,0.02,0.01,0.02,
5/31/2018,6:06:57 PM,3163.06,3416.36,4955.69,5090.29,0.01,0.02,0.04,0.02,
5/31/2018,6:06:58 PM,3349.53,3399.75,4949.20,5095.94,0.01,0.03,0.04,0.01,
5/31/2018,6:06:59 PM,3264.42,3629.89,4932.45,5104.85,0.01,0.02,0.01,0.02,
5/31/2018,6:07:00 PM,3243.98,3482.04,4945.49,5103.66,0.01,0.02,0.02,0.02,
5/31/2018,6:07:01 PM,3263.63,3431.11,4952.06,5114.25,0.01,0.02,0.03,0.01,
5/31/2018,6:07:02 PM,3272.81,3443.00,4955.23,5109.55,0.01,0.02,0.02,0.01,
5/31/2018,6:07:03 PM,3206.95,3460.70,4951.10,5097.44,0.01,0.02,0.02,0.01,
5/31/2018,6:07:05 PM,3335.07,3472.89,4964.01,5102.66,0.01,0.03,0.02,0.02,
5/31/2018,6:07:06 PM,3235.67,3532.73,4941.99,5109.81,0.01,0.02,0.01,0.02,
5/31/2018,6:07:07 PM,3114.60,3556.52,4949.96,5077.75,0.01,0.02,0.01,0.02,
5/31/2018,6:07:08 PM,3216.48,3495.71,4934.46,5081.70,0.01,0.02,0.01,0.02,
5/31/2018,6:07:09 PM,3307.18,3468.52,4931.63,5090.07,0.01,0.03,0.02,0.02,
5/31/2018,6:07:10 PM,3343.21,3590.31,4940.42,5103.79,0.01,0.02,0.01,0.02,
5/31/2018,6:07:11 PM,3302.87,3535.10,4935.33,5092.02,0.01,0.02,0.01,0.02,
5/31/2018,6:07:13 PM,3310.85,3466.82,4946.95,5091.92,0.01,0.02,0.02,0.01,
5/31/2018,6:07:14 PM,3237.40,3494.67,4929.46,5099.19,0.01,0.02,0.02,0.01,
5/31/2018,6:07:15 PM,3231.79,3486.87,4927.71,5098.49,0.01,0.02,0.02,0.02,
5/31/2018,6:07:16 PM,3250.87,3470.29,4924.86,5104.16,0.01,0.02,0.02,0.02,
5/31/2018,6:07:17 PM,3190.71,3502.86,4935.88,5111.42,0.01,0.02,0.01,0.02,
5/31/2018,6:07:18 PM,3301.01,3491.92,4943.04,5085.74,0.01,0.02,0.01,0.02,
5/31/2018,6:07:19 PM,3213.05,3407.12,4935.29,5128.52,0.01,0.02,0.03,0.01,
5/31/2018,6:07:20 PM,3175.99,3544.69,4936.93,5121.45,0.01,0.02,0.01,0.03,
5/31/2018,6:07:22 PM,3207.59,3623.61,4942.80,5096.57,0.01,0.02,0.01,0.02,
5/31/2018,6:07:23 PM,3200.45,3465.54,4940.66,5080.67,0.01,0.03,0.02,0.02,
5/31/2018,6:07:24 PM,3265.12,3417.77,4938.34,5057.89,0.01,0.02,0.03,0.02,
5/31/2018,6:07:25 PM,3150.84,3541.76,4932.95,5066.81,0.01,0.02,0.01,0.02,
5/31/2018,6:07:26 PM,3233.70,3544.91,4919.51,5069.02,0.01,0.02,0.01,0.02,
5/31/2018,6:07:27 PM,3192.81,3477.15,4920.07,5094.55,0.01,0.02,0.02,0.02,
5/31/2018,6:07:29 PM,3254.74,3387.91,4924.93,5093.04,0.01,0.02,0.03,0.01,
5/31/2018,6:07:30 PM,3243.12,3397.04,4921.49,5101.35,0.01,0.02,0.04,0.02,
5/31/2018,6:07:31 PM,3099.50,3468.98,4930.96,5096.15,0.01,0.02,0.02,0.02,
5/31/2018,6:07:32 PM,3206.65,3552.33,4923.14,5077.76,0.01,0.02,0.01,0.02,
5/31/2018,6:07:33 PM,3247.18,3457.20,4930.76,5089.40,0.01,0.02,0.03,0.02,
5/31/2018,6:07:34 PM,3237.08,3441.31,4936.99,5091.31,0.01,0.02,0.03,0.01,
5/31/2018,6:07:35 PM,3246.38,3556.09,4924.25,5095.98,0.01,0.02,0.01,0.02,
5/31/2018,6:07:36 PM,3360.06,3440.11,4934.72,5108.29,0.01,0.03,0.02,0.01,
5/31/2018,6:07:38 PM,3181.29,3452.10,4933.15,5094.43,0.01,0.02,0.02,0.02,
5/31/2018,6:07:39 PM,3154.52,3437.40,4929.17,5097.21,0.01,0.02,0.02,0.01,
5/31/2018,6:07:40 PM,3246.77,3455.90,4937.35,5105.82,0.01,0.02,0.02,0.02,
5/31/2018,6:07:41 PM,3227.04,3471.50,4939.95,5103.45,0.01,0.02,0.02,0.02,
5/31/2018,6:07:42 PM,3156.34,3496.80,4943.85,5097.41,0.01,0.02,0.01,0.02,
5/31/2018,6:07:43 PM,3250.73,3502.92,4946.21,5086.42,0.01,0.03,0.01,0.02,
5/31/2018,6:07:44 PM,3281.62,3520.51,4954.46,5088.64,0.01,0.03,0.01,0.02,
5/31/2018,6:07:45 PM,3230.19,3471.46,4957.44,5074.53,0.01,0.02,0.02,0.02,
5/31/2018,6:07:47 PM,3205.11,3450.35,4939.90,5080.69,0.01,0.02,0.03,0.02,
5/31/2018,6:07:48 PM,3271.62,3515.86,4951.65,5086.62,0.01,0.03,0.01,0.02,
5/31/2018,6:07:49 PM,3268.81,3553.66,4944.26,5077.37,0.01,0.02,0.01,0.02,
5/31/2018,6:07:50 PM,3150.65,3474.10,4952.45,5077.40,0.02,0.02,0.02,0.02,
5/31/2018,6:07:51 PM,3268.66,3491.51,4931.29,5094.89,0.01,0.02,0.02,0.02,
5/31/2018,6:07:52 PM,3283.38,3479.86,4945.95,5088.56,0.01,0.02,0.01,0.02,
5/31/2018,6:07:53 PM,3280.40,3534.20,4937.78,5103.00,0.01,0.02,0.01,0.02,
5/31/2018,6:07:55 PM,3176.40,3529.02,4922.15,5096.47,0.01,0.02,0.01,0.02,
5/31/2018,6:07:56 PM,3273.90,3460.91,4944.08,5096.85,0.01,0.02,0.01,0.02,
5/31/2018,6:07:57 PM,3260.41,3494.25,4928.93,5095.19,0.01,0.02,0.02,0.02,
5/31/2018,6:07:58 PM,3259.43,3524.15,4932.26,5095.93,0.01,0.02,0.01,0.02,
5/31/2018,6:07:59 PM,3270.84,3446.65,4929.43,5092.81,0.01,0.02,0.02,0.02,
5/31/2018,6:08:01 PM,3251.84,3490.38,4928.61,5069.05,0.01,0.03,0.02,0.02,
5/31/2018,6:08:02 PM,3174.99,3505.29,4937.71,5073.30,0.01,0.02,0.01,0.02,
5/31/2018,6:08:03 PM,3217.93,3516.74,4942.51,5080.04,0.01,0.02,0.01,0.02,
5/31/2018,6:08:04 PM,3190.42,3489.74,4943.57,5087.04,0.01,0.02,0.02,0.02,
5/31/2018,6:08:06 PM,3268.15,3491.44,4936.90,5094.48,0.01,0.02,0.02,0.02,
5/31/2018,6:08:07 PM,3332.55,3562.84,4944.32,5067.74,0.01,0.03,0.01,0.02,
5/31/2018,6:08:08 PM,3316.16,3534.72,4939.60,5100.69,0.01,0.02,0.01,0.02,
5/31/2018,6:08:09 PM,3172.39,3568.38,4948.83,5098.25,0.01,0.02,0.01,0.02,
5/31/2018,6:08:10 PM,3243.82,3454.96,4940.25,5103.32,0.01,0.02,0.03,0.02,
5/31/2018,6:08:11 PM,3313.08,3489.62,4951.49,5094.68,0.01,0.02,0.01,0.02,
5/31/2018,6:08:12 PM,3225.28,3381.85,4950.26,5090.85,0.01,0.02,0.02,0.02,
5/31/2018,6:08:14 PM,3282.57,3497.63,4935.36,5096.30,0.01,0.02,0.01,0.02,
5/31/2018,6:08:15 PM,3213.92,3525.62,4947.87,5099.14,0.01,0.02,0.01,0.02,
5/31/2018,6:08:16 PM,3308.05,3510.10,4933.13,5082.41,0.01,0.02,0.01,0.02,
5/31/2018,6:08:17 PM,3254.43,3394.21,4955.39,5094.68,0.01,0.03,0.04,0.02,
5/31/2018,6:08:18 PM,3282.49,3434.96,4951.64,5095.83,0.01,0.02,0.02,0.01,
5/31/2018,6:08:19 PM,3276.66,3510.70,4952.97,5110.22,0.01,0.03,0.01,0.02,
5/31/2018,6:08:20 PM,3174.35,3514.57,4942.28,5095.69,0.01,0.03,0.02,0.02,
5/31/2018,6:08:22 PM,3252.68,3451.68,4940.89,5086.62,0.01,0.02,0.02,0.02,
5/31/2018,6:08:23 PM,3283.63,3477.58,4935.81,5107.55,0.01,0.03,0.02,0.01,
5/31/2018,6:08:24 PM,3279.11,3539.58,4916.09,5086.73,0.01,0.02,0.01,0.02,
5/31/2018,6:08:25 PM,3293.90,3529.86,4952.29,5089.07,0.01,0.02,0.01,0.02,
5/31/2018,6:08:26 PM,3222.48,3578.82,4939.80,5093.49,0.01,0.02,0.01,0.02,
5/31/2018,6:08:27 PM,3182.58,3525.52,4943.21,5084.82,0.01,0.02,0.01,0.02,
5/31/2018,6:08:29 PM,3242.62,3491.20,4954.90,5094.44,0.01,0.02,0.02,0.02,
5/31/2018,6:08:30 PM,3152.41,3480.50,4935.72,5099.47,0.01,0.02,0.02,0.02,
5/31/2018,6:08:31 PM,3176.12,3424.06,4954.43,5107.43,0.01,0.02,0.03,0.01,
5/31/2018,6:08:32 PM,3275.95,3535.13,4939.34,5095.89,0.01,0.02,0.01,0.02,
5/31/2018,6:08:33 PM,3298.91,3401.48,4945.91,5094.95,0.01,0.02,0.04,0.01,
5/31/2018,6:08:34 PM,3287.05,3412.65,4944.03,5109.79,0.01,0.02,0.02,0.01,
5/31/2018,6:08:35 PM,3279.69,3452.97,4932.36,5110.00,0.01,0.02,0.02,0.01,
5/31/2018,6:08:37 PM,3317.41,3519.52,4946.23,5067.34,0.01,0.02,0.01,0.02,
5/31/2018,6:08:38 PM,3229.34,3452.88,4946.70,5093.44,0.01,0.02,0.02,0.02,
5/31/2018,6:08:39 PM,3283.62,3557.11,4943.20,5083.47,0.01,0.02,0.01,0.02,
5/31/2018,6:08:40 PM,3316.90,3497.26,4943.95,5120.30,0.01,0.03,0.01,0.02,
5/31/2018,6:08:41 PM,3268.10,3497.59,4947.00,5104.05,0.01,0.02,0.01,0.02,
5/31/2018,6:08:42 PM,3106.31,3451.57,4978.59,5102.00,0.01,0.03,0.02,0.02,
5/31/2018,6:08:43 PM,3267.78,3498.88,4957.93,5095.49,0.01,0.03,0.01,0.02,
5/31/2018,6:08:45 PM,3264.98,3453.15,4953.60,5094.22,0.01,0.02,0.02,0.02,
5/31/2018,6:08:46 PM,3223.02,3455.67,4959.78,5103.55,0.01,0.02,0.02,0.02,
5/31/2018,6:08:47 PM,3214.62,3521.72,4947.56,5089.82,0.01,0.02,0.01,0.02,
5/31/2018,6:08:48 PM,3247.30,3479.81,4958.29,5095.91,0.01,0.02,0.01,0.02,
5/31/2018,6:08:49 PM,3014.57,3461.12,4964.02,5111.49,0.02,0.02,0.02,0.02,
5/31/2018,6:08:50 PM,3291.20,3479.02,4943.90,5084.81,0.01,0.02,0.02,0.02,
5/31/2018,6:08:51 PM,3211.69,3533.93,4959.56,5092.97,0.01,0.02,0.01,0.02,
5/31/2018,6:08:52 PM,3245.18,3505.52,4964.23,5080.02,0.01,0.03,0.02,0.02,
5/31/2018,6:08:53 PM,3226.90,3443.21,4939.84,5086.84,0.01,0.02,0.02,0.02,
5/31/2018,6:08:54 PM,3204.04,3435.62,4964.89,5090.79,0.01,0.02,0.02,0.01,
5/31/2018,6:08:56 PM,3216.32,3433.64,4951.22,5089.53,0.01,0.02,0.03,0.01,
5/31/2018,6:08:57 PM,3286.92,3416.58,4964.33,5071.39,0.01,0.03,0.03,0.02,
5/31/2018,6:08:58 PM,3201.56,3544.65,4942.42,5068.09,0.01,0.02,0.01,0.02,
5/31/2018,6:08:59 PM,3272.37,3528.89,4944.62,5102.24,0.01,0.02,0.01,0.02,
5/31/2018,6:09:00 PM,3224.61,3408.07,4961.09,5085.16,0.01,0.02,0.03,0.02,
5/31/2018,6:09:02 PM,3267.10,3501.10,4948.47,5084.52,0.01,0.02,0.01,0.02,
5/31/2018,6:09:03 PM,3275.53,3492.85,4953.04,5081.27,0.01,0.02,0.01,0.02,
5/31/2018,6:09:04 PM,3227.92,3535.16,4944.12,5093.74,0.01,0.02,0.02,0.02,
5/31/2018,6:09:05 PM,3162.66,3519.69,4954.81,5081.89,0.01,0.02,0.02,0.02,
5/31/2018,6:09:06 PM,3293.83,3486.27,4957.59,5091.17,0.01,0.03,0.01,0.02,
5/31/2018,6:09:08 PM,3290.20,3476.94,4944.27,5090.37,0.01,0.02,0.02,0.02,
5/31/2018,6:09:09 PM,3198.98,3460.63,4944.03,5104.96,0.01,0.02,0.02,0.02,
5/31/2018,6:09:10 PM,3387.93,3422.88,4956.99,5090.22,0.01,0.02,0.02,0.02,
5/31/2018,6:09:11 PM,3272.73,3614.01,4946.95,5061.93,0.01,0.02,0.01,0.02,
5/31/2018,6:09:12 PM,3270.84,3548.34,4943.14,5077.66,0.01,0.02,0.01,0.02,
5/31/2018,6:09:13 PM,3238.46,3517.70,4946.31,5091.47,0.01,0.02,0.01,0.02,
5/31/2018,6:09:14 PM,3268.92,3506.26,4939.88,5098.54,0.01,0.02,0.01,0.02,
5/31/2018,6:09:15 PM,3315.13,3437.87,4942.36,5098.32,0.01,0.02,0.03,0.02,
5/31/2018,6:09:17 PM,3087.54,3452.89,4955.10,5112.08,0.01,0.02,0.02,0.02,
5/31/2018,6:09:18 PM,3343.26,3465.72,4962.56,5083.50,0.01,0.02,0.02,0.02,
5/31/2018,6:09:19 PM,3276.79,3535.56,4951.95,5084.87,0.01,0.02,0.01,0.02,
5/31/2018,6:09:20 PM,3272.66,3442.31,4940.05,5090.77,0.01,0.02,0.02,0.01,
5/31/2018,6:09:21 PM,3270.41,3473.86,4941.04,5100.99,0.01,0.02,0.02,0.02,
5/31/2018,6:09:22 PM,3337.55,3505.52,4956.72,5087.59,0.01,0.02,0.01,0.02,
5/31/2018,6:09:23 PM,3140.34,3530.06,4940.41,5076.79,0.01,0.02,0.01,0.02,
5/31/2018,6:09:24 PM,3185.15,3499.96,4949.40,5088.49,0.01,0.02,0.02,0.02,
5/31/2018,6:09:26 PM,3269.39,3484.43,4944.36,5079.57,0.01,0.02,0.01,0.02,
5/31/2018,6:09:27 PM,3200.47,3515.55,4946.83,5073.16,0.01,0.02,0.01,0.02,
5/31/2018,6:09:28 PM,3213.35,3472.43,4951.11,5080.70,0.01,0.02,0.01,0.02,
5/31/2018,6:09:29 PM,3242.86,3498.17,4937.90,5066.55,0.01,0.02,0.01,0.02,
5/31/2018,6:09:30 PM,3136.18,3426.40,4943.90,5094.64,0.01,0.02,0.02,0.02,
5/31/2018,6:09:31 PM,3307.39,3458.72,4937.77,5085.92,0.01,0.03,0.02,0.02,
5/31/2018,6:09:32 PM,3207.00,3364.11,4945.07,5094.27,0.01,0.02,0.05,0.02,
5/31/2018,6:09:33 PM,3298.60,3466.19,4937.54,5092.93,0.01,0.02,0.01,0.02,
5/31/2018,6:09:34 PM,3229.12,3480.72,4953.90,5085.78,0.01,0.02,0.01,0.02,
5/31/2018,6:09:35 PM,3305.24,3616.10,4936.70,5084.18,0.01,0.02,0.01,0.02,
5/31/2018,6:09:36 PM,3233.17,3476.90,4927.06,5099.22,0.01,0.02,0.02,0.02,
5/31/2018,6:09:38 PM,3209.82,3454.03,4940.14,5107.40,0.01,0.02,0.02,0.01,
5/31/2018,6:09:39 PM,3263.07,3440.09,4934.77,5089.06,0.01,0.02,0.02,0.01,
5/31/2018,6:09:40 PM,3304.64,3436.05,4947.48,5093.53,0.01,0.02,0.03,0.02,
5/31/2018,6:09:41 PM,3227.94,3416.23,4949.39,5088.59,0.01,0.02,0.02,0.01,
5/31/2018,6:09:42 PM,3272.55,3529.75,4947.12,5078.84,0.01,0.03,0.01,0.02,
5/31/2018,6:09:43 PM,3149.42,3433.08,4931.86,5088.84,0.01,0.02,0.02,0.02,
5/31/2018,6:09:44 PM,3267.98,3571.73,4923.18,5093.55,0.01,0.02,0.01,0.02,
5/31/2018,6:09:45 PM,3160.94,3527.55,4926.37,5085.95,0.01,0.02,0.01,0.02,
5/31/2018,6:09:46 PM,3264.53,3396.96,4953.94,5091.05,0.01,0.03,0.02,0.01,
5/31/2018,6:09:47 PM,3243.05,3560.28,4950.02,5078.64,0.01,0.03,0.01,0.02,
5/31/2018,6:09:49 PM,3309.97,3413.89,4950.54,5097.03,0.01,0.02,0.04,0.01,
5/31/2018,6:09:50 PM,3267.71,3350.43,4966.26,5088.00,0.01,0.02,0.16,0.01,
5/31/2018,6:09:51 PM,3235.68,3482.29,4939.30,5092.55,0.01,0.02,0.01,0.02,
5/31/2018,6:09:52 PM,3241.60,3475.54,4960.11,5088.26,0.01,0.02,0.02,0.02,
5/31/2018,6:09:53 PM,3150.99,3546.40,4951.22,5078.69,0.01,0.03,0.01,0.02,
5/31/2018,6:09:54 PM,3218.26,3443.85,4949.71,5103.19,0.01,0.02,0.01,0.02,
5/31/2018,6:09:56 PM,3149.23,3558.26,4957.19,5105.37,0.01,0.02,0.01,0.02,
5/31/2018,6:09:57 PM,3112.62,3475.38,4967.78,5098.88,0.01,0.02,0.02,0.02,
5/31/2018,6:09:58 PM,3174.16,3501.48,4960.92,5111.69,0.01,0.02,0.02,0.02,
5/31/2018,6:09:59 PM,3215.38,3450.85,4969.36,5111.50,0.01,0.03,0.02,0.02,
5/31/2018,6:10:00 PM,3166.39,3431.37,4951.93,5097.27,0.01,0.02,0.02,0.02,
5/31/2018,6:10:01 PM,3324.30,3457.56,4966.09,5100.85,0.01,0.02,0.02,0.02,
5/31/2018,6:10:02 PM,3254.99,3493.79,4959.04,5084.14,0.01,0.02,0.02,0.02,
5/31/2018,6:10:03 PM,3253.53,3422.47,4954.57,5096.32,0.01,0.02,0.02,0.02,
5/31/2018,6:10:05 PM,3249.52,3545.16,4949.58,5078.77,0.01,0.02,0.01,0.02,
5/31/2018,6:10:06 PM,3239.38,3529.45,4954.14,5074.79,0.01,0.02,0.01,0.02,
5/31/2018,6:10:07 PM,3160.38,3519.26,4949.47,5084.03,0.01,0.02,0.01,0.02,
5/31/2018,6:10:08 PM,3210.75,3570.99,4973.96,5072.83,0.01,0.02,0.01,0.02,
5/31/2018,6:10:09 PM,3324.15,3579.22,4962.77,5070.48,0.01,0.03,0.01,0.02,
5/31/2018,6:10:11 PM,3288.19,3507.72,4952.00,5085.81,0.01,0.02,0.02,0.02,
5/31/2018,6:10:12 PM,3163.58,3503.43,4955.98,5086.44,0.01,0.02,0.01,0.02,
5/31/2018,6:10:13 PM,3303.19,3435.93,4952.90,5086.62,0.01,0.02,0.02,0.01,
5/31/2018,6:10:14 PM,3206.83,3556.26,4944.90,5105.24,0.01,0.02,0.01,0.02,
5/31/2018,6:10:15 PM,3113.98,3532.25,4945.78,5095.37,0.01,0.02,0.01,0.02,
5/31/2018,6:10:16 PM,3252.86,3506.32,4937.55,5103.46,0.01,0.02,0.01,0.02,
5/31/2018,6:10:17 PM,3271.60,3427.16,4949.23,5105.61,0.01,0.02,0.03,0.01,
5/31/2018,6:10:18 PM,3265.21,3393.74,4967.71,5077.16,0.01,0.02,0.04,0.02,
5/31/2018,6:10:20 PM,3380.70,3471.82,4954.65,5078.94,0.01,0.03,0.02,0.01,
5/31/2018,6:10:21 PM,3196.73,3403.41,4943.16,5095.72,0.01,0.02,0.02,0.01,
5/31/2018,6:10:22 PM,3223.34,3447.89,4940.85,5090.77,0.01,0.02,0.02,0.02,
5/31/2018,6:10:23 PM,3224.00,3414.16,4945.32,5073.66,0.01,0.02,0.03,0.02,
5/31/2018,6:10:24 PM,3166.93,3501.90,4943.35,5096.89,0.01,0.02,0.02,0.02,
5/31/2018,6:10:25 PM,3304.77,3469.37,4960.78,5099.15,0.01,0.03,0.02,0.01,
5/31/2018,6:10:26 PM,3147.31,3447.02,4941.26,5092.89,0.01,0.02,0.02,0.01,
5/31/2018,6:10:27 PM,3265.23,3493.80,4951.36,5086.95,0.01,0.02,0.01,0.02,
5/31/2018,6:10:29 PM,3335.50,3449.70,4946.61,5085.13,0.01,0.02,0.02,0.02,
5/31/2018,6:10:30 PM,3250.06,3469.77,4961.04,5083.99,0.01,0.02,0.02,0.02,
5/31/2018,6:10:31 PM,3272.93,3474.88,4964.30,5080.99,0.01,0.02,0.02,0.02,
5/31/2018,6:10:32 PM,3310.46,3486.59,4941.81,5080.50,0.01,0.03,0.02,0.02,
5/31/2018,6:10:33 PM,3283.28,3485.79,4947.10,5077.17,0.01,0.02,0.01,0.02,
5/31/2018,6:10:34 PM,3243.05,3433.70,4935.24,5099.19,0.01,0.02,0.03,0.02,
5/31/2018,6:10:35 PM,3171.76,3418.93,4959.09,5099.27,0.01,0.02,0.03,0.02,
5/31/2018,6:10:36 PM,3278.25,3531.08,4959.66,5064.84,0.01,0.03,0.01,0.02,
5/31/2018,6:10:38 PM,3187.52,3441.07,4949.32,5079.43,0.01,0.02,0.02,0.02,
5/31/2018,6:10:39 PM,3340.15,3400.54,4949.31,5102.02,0.01,0.03,0.04,0.02,
5/31/2018,6:10:40 PM,3270.29,3562.56,4948.57,5078.87,0.01,0.03,0.01,0.02,
5/31/2018,6:10:41 PM,3274.23,3483.49,4955.04,5092.58,0.01,0.02,0.02,0.02,
5/31/2018,6:10:42 PM,3325.10,3440.74,4962.28,5116.72,0.01,0.03,0.02,0.02,
5/31/2018,6:10:43 PM,3240.00,3431.65,4948.55,5080.22,0.01,0.02,0.02,0.01,
5/31/2018,6:10:44 PM,3180.70,3461.90,4951.33,5077.26,0.01,0.02,0.02,0.01,
5/31/2018,6:10:45 PM,3294.21,3425.31,4938.73,5084.36,0.01,0.02,0.03,0.02,
5/31/2018,6:10:46 PM,3295.04,3549.72,4931.21,5080.17,0.01,0.02,0.01,0.02,
5/31/2018,6:10:48 PM,3277.46,3451.13,4955.81,5101.78,0.01,0.02,0.01,0.01,
5/31/2018,6:10:49 PM,3251.97,3536.86,4950.85,5081.78,0.01,0.02,0.01,0.02,
5/31/2018,6:10:50 PM,3290.72,3337.21,4943.10,5087.83,0.01,0.02,0.10,0.01,
5/31/2018,6:10:51 PM,3243.72,3392.73,4959.31,5100.48,0.01,0.02,0.02,0.01,
5/31/2018,6:10:52 PM,3217.04,3476.36,4958.70,5092.09,0.01,0.02,0.02,0.01,
5/31/2018,6:10:53 PM,3157.38,3489.05,4971.62,5097.44,0.01,0.02,0.02,0.02,
5/31/2018,6:10:54 PM,3232.67,3354.32,4949.82,5092.64,0.01,0.02,0.03,0.02,
5/31/2018,6:10:55 PM,3216.82,3531.31,4955.58,5077.05,0.01,0.02,0.01,0.02,
5/31/2018,6:10:56 PM,3214.85,3544.09,4936.08,5074.09,0.01,0.02,0.01,0.02,
5/31/2018,6:10:57 PM,3298.71,3483.99,4946.90,5073.57,0.01,0.02,0.01,0.02,
5/31/2018,6:10:59 PM,3175.97,3459.26,4942.09,5065.45,0.01,0.02,0.02,0.01,
5/31/2018,6:11:00 PM,3200.28,3551.19,4952.11,5073.12,0.01,0.02,0.01,0.02,
5/31/2018,6:11:01 PM,3292.57,3429.19,4964.64,5076.80,0.01,0.02,0.03,0.02,
5/31/2018,6:11:02 PM,3200.92,3508.70,4958.36,5101.29,0.01,0.02,0.01,0.02,
5/31/2018,6:11:03 PM,3300.03,3473.27,4965.00,5091.83,0.01,0.02,0.02,0.02,
5/31/2018,6:11:04 PM,3200.88,3478.82,4963.45,5071.91,0.01,0.03,0.02,0.02,
5/31/2018,6:11:05 PM,3142.87,3499.81,4962.68,5080.12,0.01,0.03,0.02,0.02,
5/31/2018,6:11:06 PM,3192.32,3468.72,4971.85,5068.81,0.01,0.02,0.02,0.02,
5/31/2018,6:11:08 PM,3215.88,3452.25,4957.42,5074.10,0.01,0.02,0.02,0.01,
5/31/2018,6:11:09 PM,3430.50,3445.35,4967.09,5067.17,0.00,0.03,0.01,0.02,
5/31/2018,6:11:10 PM,3316.05,3471.66,4959.56,5046.94,0.01,0.02,0.01,0.02,
5/31/2018,6:11:11 PM,3135.98,3428.42,4938.39,5069.20,0.01,0.02,0.02,0.02,
5/31/2018,6:11:12 PM,3218.74,3454.43,4945.56,5090.20,0.01,0.02,0.02,0.02,
5/31/2018,6:11:13 PM,3261.43,3505.34,4965.04,5078.87,0.01,0.03,0.01,0.02,
5/31/2018,6:11:14 PM,3292.28,3504.17,4941.83,5084.93,0.01,0.02,0.02,0.02,
5/31/2018,6:11:15 PM,3289.50,3439.94,4966.07,5076.49,0.01,0.02,0.02,0.02,
5/31/2018,6:11:17 PM,3165.53,3530.75,4957.61,5076.86,0.01,0.02,0.01,0.02,
5/31/2018,6:11:18 PM,3158.26,3484.27,4947.11,5075.24,0.01,0.02,0.02,0.02,
5/31/2018,6:11:19 PM,3222.22,3441.68,4952.90,5083.02,0.01,0.02,0.02,0.02,
5/31/2018,6:11:20 PM,3169.66,3451.18,4962.96,5071.91,0.01,0.02,0.02,0.01,
5/31/2018,6:11:21 PM,3156.20,3415.12,4968.83,5066.60,0.01,0.02,0.01,0.02,
5/31/2018,6:11:22 PM,3295.01,3484.93,4941.44,5095.27,0.01,0.03,0.01,0.02,
5/31/2018,6:11:23 PM,3032.83,3602.35,4967.78,5077.53,0.01,0.02,0.01,0.02,
5/31/2018,6:11:24 PM,3336.38,3341.10,4957.00,5095.42,0.01,0.03,0.05,0.01,
5/31/2018,6:11:26 PM,3306.28,3423.30,4945.41,5084.62,0.01,0.02,0.03,0.01,
5/31/2018,6:11:27 PM,3296.27,3471.28,4953.55,5082.95,0.01,0.03,0.02,0.02,
5/31/2018,6:11:28 PM,3206.95,3279.95,4958.24,5091.86,0.01,0.02,0.03,0.01,
5/31/2018,6:11:29 PM,3239.66,3521.32,4954.87,5075.03,0.01,0.02,0.02,0.02,
5/31/2018,6:11:30 PM,3254.32,3544.31,4940.53,5099.29,0.01,0.02,0.01,0.02,
5/31/2018,6:11:31 PM,3284.91,3509.19,4943.86,5087.77,0.01,0.02,0.02,0.02,
5/31/2018,6:11:32 PM,3153.69,3562.89,4945.57,5087.37,0.01,0.02,0.01,0.02,
5/31/2018,6:11:33 PM,3190.61,3442.62,4936.90,5102.21,0.01,0.02,0.02,0.02,
5/31/2018,6:11:35 PM,3182.98,3449.23,4941.88,5093.17,0.01,0.02,0.02,0.02,
5/31/2018,6:11:36 PM,3222.22,3517.30,4948.48,5088.86,0.01,0.02,0.01,0.02,
5/31/2018,6:11:37 PM,3255.51,3550.22,4943.69,5087.61,0.01,0.02,0.01,0.02,
5/31/2018,6:11:38 PM,3174.34,3412.13,4947.84,5077.94,0.01,0.02,0.03,0.02,
5/31/2018,6:11:39 PM,3366.14,3469.69,4943.45,5082.45,0.01,0.02,0.02,0.02,
5/31/2018,6:11:41 PM,3236.30,3412.78,4942.93,5096.62,0.01,0.02,0.03,0.01,
5/31/2018,6:11:42 PM,3195.98,3518.72,4948.98,5079.73,0.01,0.02,0.02,0.02,
5/31/2018,6:11:43 PM,3282.61,3602.93,4944.12,5078.26,0.01,0.02,0.01,0.02,
5/31/2018,6:11:44 PM,3287.81,3513.94,4947.47,5074.96,0.01,0.02,0.01,0.02,
5/31/2018,6:11:45 PM,3317.35,3494.75,4945.46,5081.56,0.01,0.02,0.01,0.02,
5/31/2018,6:11:46 PM,3235.90,3452.74,4944.23,5081.88,0.01,0.02,0.02,0.01,
5/31/2018,6:11:48 PM,3264.64,3501.23,4948.37,5084.34,0.01,0.02,0.01,0.02,
5/31/2018,6:11:49 PM,3196.94,3457.81,4957.60,5074.24,0.01,0.02,0.02,0.02,
5/31/2018,6:11:50 PM,3130.20,3398.88,4955.17,5094.15,0.01,0.02,0.02,0.01,
5/31/2018,6:11:51 PM,3236.30,3467.76,4946.53,5077.44,0.01,0.02,0.02,0.02,
5/31/2018,6:11:52 PM,3259.81,3437.53,4946.87,5079.09,0.01,0.02,0.01,0.02,
5/31/2018,6:11:53 PM,3259.69,3475.45,4956.29,5078.91,0.01,0.02,0.02,0.02,
5/31/2018,6:11:54 PM,3214.88,3348.05,4950.51,5104.62,0.01,0.02,0.08,0.01,
5/31/2018,6:11:56 PM,3305.89,3554.97,4967.10,5097.64,0.01,0.02,0.01,0.02,
5/31/2018,6:11:57 PM,3292.96,3551.15,4948.65,5082.21,0.01,0.03,0.01,0.02,
5/31/2018,6:11:58 PM,3204.48,3567.01,4958.85,5077.90,0.01,0.03,0.01,0.02,
5/31/2018,6:11:59 PM,3197.03,3523.22,4948.65,5101.19,0.01,0.02,0.01,0.02,
5/31/2018,6:12:00 PM,3319.65,3409.55,4960.96,5094.91,0.01,0.02,0.02,0.02,
5/31/2018,6:12:01 PM,3312.89,3529.23,4973.31,5073.00,0.01,0.03,0.02,0.02,
5/31/2018,6:12:03 PM,3219.66,3461.05,4963.45,5069.68,0.01,0.02,0.02,0.02,
5/31/2018,6:12:04 PM,3252.80,3473.41,4960.64,5070.66,0.01,0.02,0.02,0.02,
5/31/2018,6:12:05 PM,3275.75,3460.06,4974.00,5072.74,0.01,0.03,0.01,0.01,
5/31/2018,6:12:06 PM,3180.97,3353.96,4962.55,5094.21,0.01,0.02,0.17,0.01,
5/31/2018,6:12:07 PM,3300.92,3483.82,4944.13,5081.76,0.01,0.02,0.01,0.02,
5/31/2018,6:12:08 PM,3305.08,3424.45,4957.06,5081.23,0.01,0.02,0.03,0.02,
5/31/2018,6:12:09 PM,3266.42,3500.10,4954.98,5084.13,0.01,0.02,0.01,0.02,
5/31/2018,6:12:11 PM,3311.37,3505.44,4946.75,5082.41,0.01,0.02,0.01,0.02,
5/31/2018,6:12:12 PM,3268.38,3451.79,4946.59,5095.52,0.01,0.02,0.02,0.02,
5/31/2018,6:12:13 PM,3300.87,3538.92,4950.30,5079.30,0.01,0.02,0.01,0.02,
5/31/2018,6:12:14 PM,3271.82,3507.41,4961.09,5093.13,0.01,0.02,0.01,0.02,
5/31/2018,6:12:15 PM,3283.38,3485.12,4957.02,5070.08,0.01,0.02,0.01,0.02,
5/31/2018,6:12:16 PM,3235.05,3448.65,4956.44,5070.53,0.01,0.02,0.03,0.02,
5/31/2018,6:12:17 PM,3253.57,3388.06,4963.84,5084.44,0.01,0.02,0.02,0.01,
5/31/2018,6:12:18 PM,3244.59,3549.15,4946.36,5066.92,0.01,0.02,0.01,0.02,
5/31/2018,6:12:20 PM,3214.29,3554.62,4943.94,5065.95,0.01,0.02,0.01,0.02,
5/31/2018,6:12:21 PM,3164.45,3351.46,4949.89,5085.48,0.01,0.02,0.03,0.01,
5/31/2018,6:12:22 PM,3323.23,3477.54,4953.98,5068.38,0.01,0.02,0.02,0.02,
5/31/2018,6:12:23 PM,3227.27,3550.79,4948.41,5074.38,0.01,0.02,0.01,0.02,
5/31/2018,6:12:24 PM,3318.15,3556.28,4947.75,5072.02,0.01,0.02,0.01,0.02,
5/31/2018,6:12:25 PM,3175.15,3532.76,4958.94,5068.61,0.01,0.02,0.01,0.02,
5/31/2018,6:12:27 PM,3179.79,3439.56,4956.68,5084.04,0.01,0.02,0.02,0.01,
5/31/2018,6:12:28 PM,3319.75,3537.86,4945.84,5082.49,0.01,0.02,0.01,0.02,
5/31/2018,6:12:29 PM,3246.33,3411.27,4968.88,5079.11,0.01,0.03,0.03,0.01,
5/31/2018,6:12:30 PM,3232.33,3394.88,4968.95,5081.79,0.01,0.02,0.03,0.01,
5/31/2018,6:12:31 PM,3263.25,3466.95,4975.16,5049.93,0.01,0.02,0.02,0.02,
5/31/2018,6:12:32 PM,3090.78,3555.19,4962.00,5062.23,0.02,0.02,0.01,0.02,
5/31/2018,6:12:33 PM,3269.09,3468.73,4964.82,5095.33,0.01,0.02,0.02,0.02,
5/31/2018,6:12:34 PM,3167.19,3469.04,4933.30,5090.42,0.01,0.02,0.01,0.02,
5/31/2018,6:12:35 PM,3343.43,3506.18,4945.39,5084.94,0.01,0.03,0.01,0.02,
5/31/2018,6:12:36 PM,3248.65,3502.78,4948.69,5082.89,0.01,0.03,0.01,0.02,
5/31/2018,6:12:38 PM,3255.36,3531.75,4957.92,5068.09,0.01,0.03,0.01,0.02,
5/31/2018,6:12:39 PM,3216.35,3526.84,4953.97,5075.73,0.01,0.03,0.01,0.02,
5/31/2018,6:12:40 PM,3267.80,3514.60,4958.29,5071.97,0.01,0.02,0.01,0.02,
5/31/2018,6:12:41 PM,3259.10,3528.94,4933.39,5106.08,0.01,0.02,0.01,0.02,
5/31/2018,6:12:42 PM,3298.01,3484.35,4944.23,5086.94,0.01,0.02,0.01,0.02,
5/31/2018,6:12:43 PM,3179.05,3428.97,4960.46,5073.40,0.01,0.02,0.03,0.02,
5/31/2018,6:12:44 PM,3236.16,3503.39,4948.37,5060.55,0.01,0.02,0.01,0.02,
5/31/2018,6:12:45 PM,3313.23,3457.60,4959.77,5104.17,0.01,0.02,0.02,0.01,
5/31/2018,6:12:46 PM,3306.53,3429.10,4953.85,5090.58,0.01,0.02,0.03,0.01,
5/31/2018,6:12:48 PM,3107.05,3467.21,4973.54,5092.60,0.01,0.02,0.02,0.02,
5/31/2018,6:12:49 PM,3236.52,3546.59,4957.37,5072.44,0.01,0.02,0.01,0.02,
5/31/2018,6:12:50 PM,3160.94,3496.33,4958.50,5073.71,0.01,0.02,0.01,0.02,
5/31/2018,6:12:51 PM,3265.84,3526.01,4951.32,5057.06,0.01,0.02,0.01,0.02,
5/31/2018,6:12:52 PM,3228.27,3620.96,4949.38,5069.78,0.01,0.03,0.01,0.02,
5/31/2018,6:12:53 PM,3275.10,3458.47,4965.96,5074.43,0.01,0.03,0.01,0.02,
5/31/2018,6:12:54 PM,3302.74,3461.45,4959.44,5066.02,0.01,0.02,0.02,0.02,
5/31/2018,6:12:56 PM,3234.26,3421.74,4941.55,5081.46,0.01,0.02,0.03,0.01,
5/31/2018,6:12:57 PM,3292.76,3426.53,4963.33,5058.62,0.01,0.02,0.02,0.02,
5/31/2018,6:12:58 PM,3168.71,3479.49,4944.32,5076.55,0.01,0.02,0.02,0.02,
5/31/2018,6:12:59 PM,3278.75,3417.01,4952.14,5074.82,0.01,0.02,0.03,0.01,
5/31/2018,6:13:00 PM,3235.32,3433.24,4942.06,5060.84,0.01,0.02,0.02,0.02,
5/31/2018,6:13:01 PM,3237.80,3502.54,4954.19,5076.86,0.01,0.02,0.01,0.02,
5/31/2018,6:13:03 PM,3196.81,3437.79,4952.97,5081.77,0.01,0.02,0.02,0.01,
5/31/2018,6:13:04 PM,3236.11,3420.53,4946.40,5071.21,0.01,0.02,0.04,0.01,
5/31/2018,6:13:05 PM,3160.90,3477.39,4958.86,5079.58,0.01,0.02,0.01,0.02,
5/31/2018,6:13:06 PM,3255.31,3464.15,4958.96,5080.87,0.01,0.02,0.02,0.02,
5/31/2018,6:13:07 PM,3242.64,3561.17,4954.14,5064.23,0.01,0.02,0.01,0.02,
5/31/2018,6:13:08 PM,3313.71,3563.38,4954.82,5082.83,0.01,0.02,0.01,0.02,
5/31/2018,6:13:09 PM,3275.68,3513.20,4949.17,5099.43,0.01,0.02,0.01,0.02,
5/31/2018,6:13:11 PM,3252.53,3425.59,4953.39,5074.47,0.01,0.02,0.04,0.02,
5/31/2018,6:13:12 PM,3243.07,3484.89,4947.58,5070.67,0.01,0.02,0.01,0.02,
5/31/2018,6:13:13 PM,3280.46,3478.54,4957.61,5071.86,0.01,0.02,0.02,0.02,
5/31/2018,6:13:14 PM,3279.19,3523.48,4954.38,5069.75,0.01,0.03,0.01,0.02,
5/31/2018,6:13:15 PM,3274.07,3435.56,4954.11,5088.95,0.01,0.02,0.02,0.02,
5/31/2018,6:13:16 PM,3212.73,3431.16,4953.73,5091.14,0.01,0.02,0.02,0.01,
5/31/2018,6:13:18 PM,3280.36,3402.47,4951.90,5078.23,0.01,0.02,0.02,0.01,
5/31/2018,6:13:19 PM,3273.29,3406.73,4956.45,5097.46,0.01,0.02,0.03,0.01,
5/31/2018,6:13:20 PM,3298.89,3496.93,4954.76,5083.92,0.01,0.02,0.02,0.02,
5/31/2018,6:13:21 PM,3132.11,3594.58,4954.17,5075.47,0.01,0.02,0.01,0.02,
5/31/2018,6:13:22 PM,3267.82,3524.05,4946.93,5077.24,0.01,0.02,0.01,0.02,
5/31/2018,6:13:24 PM,3203.24,3391.13,4954.22,5067.31,0.01,0.02,0.03,0.02,
5/31/2018,6:13:25 PM,3301.18,3456.40,4967.83,5076.85,0.01,0.03,0.02,0.01,
5/31/2018,6:13:26 PM,3206.99,3461.20,4955.50,5092.29,0.01,0.02,0.01,0.02,
5/31/2018,6:13:27 PM,3261.37,3558.69,4955.61,5066.36,0.01,0.02,0.01,0.02,
5/31/2018,6:13:28 PM,3202.46,3444.78,4958.43,5078.21,0.01,0.02,0.02,0.01,
5/31/2018,6:13:29 PM,3121.05,3447.84,4952.23,5083.37,0.01,0.02,0.02,0.02,
5/31/2018,6:13:30 PM,3222.15,3503.09,4954.49,5074.39,0.01,0.02,0.01,0.02,
5/31/2018,6:13:31 PM,3308.79,3396.06,4954.25,5080.27,0.01,0.02,0.02,0.01,
5/31/2018,6:13:32 PM,3235.22,3441.84,4949.62,5076.54,0.01,0.02,0.02,0.01,
5/31/2018,6:13:33 PM,3266.38,3582.28,4931.81,5073.36,0.01,0.02,0.01,0.02,
5/31/2018,6:13:35 PM,3273.63,3546.88,4941.22,5079.14,0.01,0.02,0.01,0.02,
5/31/2018,6:13:36 PM,3131.01,3394.95,4952.46,5086.68,0.01,0.02,0.03,0.01,
5/31/2018,6:13:37 PM,3353.73,3435.87,4958.12,5068.69,0.01,0.03,0.03,0.02,
5/31/2018,6:13:38 PM,3275.23,3524.08,4958.05,5067.86,0.01,0.02,0.01,0.02,
5/31/2018,6:13:39 PM,3208.36,3504.66,4947.47,5078.38,0.01,0.02,0.01,0.02,
5/31/2018,6:13:41 PM,3177.91,3527.86,4954.55,5071.50,0.01,0.02,0.01,0.02,
5/31/2018,6:13:42 PM,3180.74,3529.11,4955.60,5068.06,0.01,0.02,0.01,0.02,
5/31/2018,6:13:43 PM,3327.57,3536.12,4951.03,5071.99,0.01,0.02,0.01,0.02,
5/31/2018,6:13:44 PM,3242.21,3472.79,4964.77,5084.26,0.01,0.02,0.01,0.02,
5/31/2018,6:13:45 PM,3092.26,3406.84,4969.05,5068.65,0.01,0.02,0.02,0.02,